D:\AALTO\STUDY\THESIS\NEW_OPT\AGAIN\PERTTU\UTILS\APPS\UTILSLIB\WIN32DEBUG\CLIPPEDGAUSSIANSAMPLING.OBJ
D:\AALTO\STUDY\THESIS\NEW_OPT\AGAIN\PERTTU\UTILS\APPS\UTILSLIB\WIN32DEBUG\DIAGONALGMM.OBJ
D:\AALTO\STUDY\THESIS\NEW_OPT\AGAIN\PERTTU\UTILS\APPS\UTILSLIB\WIN32DEBUG\DYNAMICPDFSAMPLER.OBJ
D:\AALTO\STUDY\THESIS\NEW_OPT\AGAIN\PERTTU\UTILS\APPS\UTILSLIB\WIN32DEBUG\EIGENGEOMETRYUTILS.OBJ
D:\AALTO\STUDY\THESIS\NEW_OPT\AGAIN\PERTTU\UTILS\APPS\UTILSLIB\WIN32DEBUG\EIGENMATHUTILS.OBJ
D:\AALTO\STUDY\THESIS\NEW_OPT\AGAIN\PERTTU\UTILS\APPS\UTILSLIB\WIN32DEBUG\FILEUTILS.OBJ
D:\AALTO\STUDY\THESIS\NEW_OPT\AGAIN\PERTTU\UTILS\APPS\UTILSLIB\WIN32DEBUG\INDEXRANDOMIZER.OBJ
D:\AALTO\STUDY\THESIS\NEW_OPT\AGAIN\PERTTU\UTILS\APPS\UTILSLIB\WIN32DEBUG\LINALGUTILITIES.OBJ
D:\AALTO\STUDY\THESIS\NEW_OPT\AGAIN\PERTTU\UTILS\APPS\UTILSLIB\WIN32DEBUG\NORMALDISTRIBUTION.OBJ
D:\AALTO\STUDY\THESIS\NEW_OPT\AGAIN\PERTTU\UTILS\APPS\UTILSLIB\WIN32DEBUG\OPTIMIZATION.OBJ
D:\AALTO\STUDY\THESIS\NEW_OPT\AGAIN\PERTTU\UTILS\APPS\UTILSLIB\WIN32DEBUG\RANDOMFORESTSAMPLER.OBJ
D:\AALTO\STUDY\THESIS\NEW_OPT\AGAIN\PERTTU\UTILS\APPS\UTILSLIB\WIN32DEBUG\SAMPLINGTREE.OBJ
D:\AALTO\STUDY\THESIS\NEW_OPT\AGAIN\PERTTU\UTILS\APPS\UTILSLIB\WIN32DEBUG\VC110.PDB
D:\AALTO\STUDY\THESIS\NEW_OPT\AGAIN\PERTTU\UTILS\APPS\BIN\UTILSLIB_WIN32_DEBUG.LIB
D:\Aalto\Study\thesis\new_opt\again\perttu\Utils\Apps\UtilsLib\Win32Debug\ClippedGaussianSampling.obj
D:\Aalto\Study\thesis\new_opt\again\perttu\Utils\Apps\UtilsLib\Win32Debug\DiagonalGMM.obj
D:\Aalto\Study\thesis\new_opt\again\perttu\Utils\Apps\UtilsLib\Win32Debug\DynamicPdfSampler.obj
D:\Aalto\Study\thesis\new_opt\again\perttu\Utils\Apps\UtilsLib\Win32Debug\EigenGeometryUtils.obj
D:\Aalto\Study\thesis\new_opt\again\perttu\Utils\Apps\UtilsLib\Win32Debug\EigenMathUtils.obj
D:\Aalto\Study\thesis\new_opt\again\perttu\Utils\Apps\UtilsLib\Win32Debug\FileUtils.obj
D:\Aalto\Study\thesis\new_opt\again\perttu\Utils\Apps\UtilsLib\Win32Debug\IndexRandomizer.obj
D:\Aalto\Study\thesis\new_opt\again\perttu\Utils\Apps\UtilsLib\Win32Debug\LinAlgUtilities.obj
D:\Aalto\Study\thesis\new_opt\again\perttu\Utils\Apps\UtilsLib\Win32Debug\NormalDistribution.obj
D:\Aalto\Study\thesis\new_opt\again\perttu\Utils\Apps\UtilsLib\Win32Debug\Optimization.obj
D:\Aalto\Study\thesis\new_opt\again\perttu\Utils\Apps\UtilsLib\Win32Debug\RandomForestSampler.obj
D:\Aalto\Study\thesis\new_opt\again\perttu\Utils\Apps\UtilsLib\Win32Debug\SamplingTree.obj
D:\Aalto\Study\thesis\new_opt\again\perttu\Utils\Apps\UtilsLib\Win32Debug\cl.command.1.tlog
D:\Aalto\Study\thesis\new_opt\again\perttu\Utils\Apps\UtilsLib\Win32Debug\CL.read.1.tlog
D:\Aalto\Study\thesis\new_opt\again\perttu\Utils\Apps\UtilsLib\Win32Debug\CL.write.1.tlog
D:\Aalto\Study\thesis\new_opt\again\perttu\Utils\Apps\UtilsLib\Win32Debug\Lib-link.read.1.tlog
D:\Aalto\Study\thesis\new_opt\again\perttu\Utils\Apps\UtilsLib\Win32Debug\Lib-link.write.1.tlog
D:\Aalto\Study\thesis\new_opt\again\perttu\Utils\Apps\UtilsLib\Win32Debug\lib.command.1.tlog
D:\Aalto\Study\thesis\new_opt\again\perttu\Utils\Apps\UtilsLib\Win32Debug\vc110.idb
D:\Aalto\Study\thesis\new_opt\again\perttu\Utils\Apps\UtilsLib\Win32Debug\vc110.pdb
D:\Aalto\Study\thesis\new_opt\again\perttu\Utils\Apps\UtilsLib\\..\Bin\UtilsLib_Win32_Debug.lib
